Drill report for F:\appotech\opcode\ubertoothp\hardware\t3\t3.kicad_pcb
Created on 2016/11/24 17:28:49

Copper Layer Stackup:
    =============================================================
    L1 :  F.Cu                      front
    L2 :  B.Cu                      back


Drill file 'F:t3.drl' contains
    plated through holes:
    =============================================================
    T1  0.40mm  0.016"  (178 holes)
    T2  0.60mm  0.024"  (2 holes)
    T3  0.80mm  0.032"  (4 holes)
    T4  0.90mm  0.035"  (5 holes)
    T5  1.02mm  0.040"  (23 holes)

    Total plated holes count 212


Drill file 'F:t3-NPTH.drl' contains
    unplated through holes:
    =============================================================
    T1  0.90mm  0.035"  (2 holes)

    Total unplated holes count 2
